<?xml version="1.0" encoding="UTF-8"?>
<robot generator="Robot 7.4.1 (Python 3.11.9 on win32)" generated="2026-02-20T17:26:40.559235" rpa="false" schemaversion="5">
<suite id="s1" name="Excel" source="C:\Users\HP\PycharmProjects\PythonProject\Python advance programing\PythonProject\Robot Framework\DataDriven\Excel.robot">
<test id="s1-t1" name="Login with user" line="11">
<kw name="Open Browser" owner="SeleniumLibrary" type="SETUP">
<msg time="2026-02-20T17:26:41.400296" level="INFO">Opening browser 'edge' to base url 'https://opensource-demo.orangehrmlive.com/web/index.php/auth/login'.</msg>
<arg>https://opensource-demo.orangehrmlive.com/web/index.php/auth/login</arg>
<arg>edge</arg>
<doc>Opens a new browser instance to the optional ``url``.</doc>
<status status="PASS" start="2026-02-20T17:26:41.400296" elapsed="7.135200"/>
</kw>
<kw name="Login Test">
<kw name="Wait Until Element Is Visible" owner="SeleniumLibrary">
<arg>xpath://input[@name = 'username']</arg>
<doc>Waits until the element ``locator`` is visible.</doc>
<status status="PASS" start="2026-02-20T17:26:48.537495" elapsed="0.657946"/>
</kw>
<kw name="Input Text" owner="SeleniumLibrary">
<msg time="2026-02-20T17:26:49.196448" level="INFO">Typing text 'Admin' into text field 'xpath://input[@name = 'username']'.</msg>
<arg>xpath://input[@name = 'username']</arg>
<arg>${username}</arg>
<doc>Types the given ``text`` into the text field identified by ``locator``.</doc>
<status status="PASS" start="2026-02-20T17:26:49.195441" elapsed="0.061701"/>
</kw>
<kw name="Input Text" owner="SeleniumLibrary">
<msg time="2026-02-20T17:26:49.257142" level="INFO">Typing text 'admin123' into text field 'xpath://input[@name = 'password']'.</msg>
<arg>xpath://input[@name = 'password']</arg>
<arg>${password}</arg>
<doc>Types the given ``text`` into the text field identified by ``locator``.</doc>
<status status="PASS" start="2026-02-20T17:26:49.257142" elapsed="0.079106"/>
</kw>
<kw name="Click Element" owner="SeleniumLibrary">
<msg time="2026-02-20T17:26:49.337244" level="INFO">Clicking element 'xpath://button[@type= 'submit']'.</msg>
<arg>xpath://button[@type= 'submit']</arg>
<doc>Click the element identified by ``locator``.</doc>
<status status="PASS" start="2026-02-20T17:26:49.337244" elapsed="0.041006"/>
</kw>
<kw name="Wait Until Element Is Visible" owner="SeleniumLibrary">
<arg>xpath://h6[@class='oxd-text oxd-text--h6 oxd-topbar-header-breadcrumb-module']</arg>
<doc>Waits until the element ``locator`` is visible.</doc>
<status status="PASS" start="2026-02-20T17:26:49.378250" elapsed="2.352318"/>
</kw>
<kw name="Element Should Be Visible" owner="SeleniumLibrary">
<msg time="2026-02-20T17:26:51.741430" level="INFO">Element 'xpath://h6[@class='oxd-text oxd-text--h6 oxd-topbar-header-breadcrumb-module']' is displayed.</msg>
<arg>xpath://h6[@class='oxd-text oxd-text--h6 oxd-topbar-header-breadcrumb-module']</arg>
<doc>Verifies that the element identified by ``locator`` is visible.</doc>
<status status="PASS" start="2026-02-20T17:26:51.731849" elapsed="0.009581"/>
</kw>
<arg>username=Admin</arg>
<arg>password=admin123</arg>
<status status="PASS" start="2026-02-20T17:26:48.536493" elapsed="3.206439"/>
</kw>
<kw name="Close Browser" owner="SeleniumLibrary" type="TEARDOWN">
<doc>Closes the current browser.</doc>
<status status="PASS" start="2026-02-20T17:26:51.742932" elapsed="2.172617"/>
</kw>
<status status="PASS" start="2026-02-20T17:26:41.398920" elapsed="12.516629"/>
</test>
<test id="s1-t2" name="Login with user" line="11">
<kw name="Open Browser" owner="SeleniumLibrary" type="SETUP">
<msg time="2026-02-20T17:26:53.919970" level="INFO">Opening browser 'edge' to base url 'https://opensource-demo.orangehrmlive.com/web/index.php/auth/login'.</msg>
<arg>https://opensource-demo.orangehrmlive.com/web/index.php/auth/login</arg>
<arg>edge</arg>
<doc>Opens a new browser instance to the optional ``url``.</doc>
<status status="PASS" start="2026-02-20T17:26:53.919970" elapsed="5.779771"/>
</kw>
<kw name="Login Test">
<kw name="Wait Until Element Is Visible" owner="SeleniumLibrary">
<arg>xpath://input[@name = 'username']</arg>
<doc>Waits until the element ``locator`` is visible.</doc>
<status status="PASS" start="2026-02-20T17:26:59.700748" elapsed="0.853009"/>
</kw>
<kw name="Input Text" owner="SeleniumLibrary">
<msg time="2026-02-20T17:27:00.555272" level="INFO">Typing text 'Admin' into text field 'xpath://input[@name = 'username']'.</msg>
<arg>xpath://input[@name = 'username']</arg>
<arg>${username}</arg>
<doc>Types the given ``text`` into the text field identified by ``locator``.</doc>
<status status="PASS" start="2026-02-20T17:27:00.553757" elapsed="0.054746"/>
</kw>
<kw name="Input Text" owner="SeleniumLibrary">
<msg time="2026-02-20T17:27:00.608503" level="INFO">Typing text 'admin123' into text field 'xpath://input[@name = 'password']'.</msg>
<arg>xpath://input[@name = 'password']</arg>
<arg>${password}</arg>
<doc>Types the given ``text`` into the text field identified by ``locator``.</doc>
<status status="PASS" start="2026-02-20T17:27:00.608503" elapsed="0.060003"/>
</kw>
<kw name="Click Element" owner="SeleniumLibrary">
<msg time="2026-02-20T17:27:00.669518" level="INFO">Clicking element 'xpath://button[@type= 'submit']'.</msg>
<arg>xpath://button[@type= 'submit']</arg>
<doc>Click the element identified by ``locator``.</doc>
<status status="PASS" start="2026-02-20T17:27:00.668506" elapsed="0.050646"/>
</kw>
<kw name="Wait Until Element Is Visible" owner="SeleniumLibrary">
<arg>xpath://h6[@class='oxd-text oxd-text--h6 oxd-topbar-header-breadcrumb-module']</arg>
<doc>Waits until the element ``locator`` is visible.</doc>
<status status="PASS" start="2026-02-20T17:27:00.719152" elapsed="2.728489"/>
</kw>
<kw name="Element Should Be Visible" owner="SeleniumLibrary">
<msg time="2026-02-20T17:27:03.459771" level="INFO">Element 'xpath://h6[@class='oxd-text oxd-text--h6 oxd-topbar-header-breadcrumb-module']' is displayed.</msg>
<arg>xpath://h6[@class='oxd-text oxd-text--h6 oxd-topbar-header-breadcrumb-module']</arg>
<doc>Verifies that the element identified by ``locator`` is visible.</doc>
<status status="PASS" start="2026-02-20T17:27:03.448770" elapsed="0.011001"/>
</kw>
<arg>username=Admin</arg>
<arg>password=admin123</arg>
<status status="PASS" start="2026-02-20T17:26:59.699741" elapsed="3.760030"/>
</kw>
<kw name="Close Browser" owner="SeleniumLibrary" type="TEARDOWN">
<doc>Closes the current browser.</doc>
<status status="PASS" start="2026-02-20T17:27:03.460791" elapsed="2.144949"/>
</kw>
<status status="PASS" start="2026-02-20T17:26:53.918014" elapsed="11.687726"/>
</test>
<test id="s1-t3" name="Login with user" line="11">
<kw name="Open Browser" owner="SeleniumLibrary" type="SETUP">
<msg time="2026-02-20T17:27:05.609257" level="INFO">Opening browser 'edge' to base url 'https://opensource-demo.orangehrmlive.com/web/index.php/auth/login'.</msg>
<arg>https://opensource-demo.orangehrmlive.com/web/index.php/auth/login</arg>
<arg>edge</arg>
<doc>Opens a new browser instance to the optional ``url``.</doc>
<status status="PASS" start="2026-02-20T17:27:05.609257" elapsed="5.650013"/>
</kw>
<kw name="Login Test">
<kw name="Wait Until Element Is Visible" owner="SeleniumLibrary">
<arg>xpath://input[@name = 'username']</arg>
<doc>Waits until the element ``locator`` is visible.</doc>
<status status="PASS" start="2026-02-20T17:27:11.260274" elapsed="0.676005"/>
</kw>
<kw name="Input Text" owner="SeleniumLibrary">
<msg time="2026-02-20T17:27:11.937280" level="INFO">Typing text 'Admin' into text field 'xpath://input[@name = 'username']'.</msg>
<arg>xpath://input[@name = 'username']</arg>
<arg>${username}</arg>
<doc>Types the given ``text`` into the text field identified by ``locator``.</doc>
<status status="PASS" start="2026-02-20T17:27:11.936279" elapsed="0.091975"/>
</kw>
<kw name="Input Text" owner="SeleniumLibrary">
<msg time="2026-02-20T17:27:12.028254" level="INFO">Typing text 'admin123' into text field 'xpath://input[@name = 'password']'.</msg>
<arg>xpath://input[@name = 'password']</arg>
<arg>${password}</arg>
<doc>Types the given ``text`` into the text field identified by ``locator``.</doc>
<status status="PASS" start="2026-02-20T17:27:12.028254" elapsed="0.065552"/>
</kw>
<kw name="Click Element" owner="SeleniumLibrary">
<msg time="2026-02-20T17:27:12.095313" level="INFO">Clicking element 'xpath://button[@type= 'submit']'.</msg>
<arg>xpath://button[@type= 'submit']</arg>
<doc>Click the element identified by ``locator``.</doc>
<status status="PASS" start="2026-02-20T17:27:12.093806" elapsed="0.051715"/>
</kw>
<kw name="Wait Until Element Is Visible" owner="SeleniumLibrary">
<arg>xpath://h6[@class='oxd-text oxd-text--h6 oxd-topbar-header-breadcrumb-module']</arg>
<doc>Waits until the element ``locator`` is visible.</doc>
<status status="PASS" start="2026-02-20T17:27:12.145521" elapsed="2.206563"/>
</kw>
<kw name="Element Should Be Visible" owner="SeleniumLibrary">
<msg time="2026-02-20T17:27:14.361621" level="INFO">Element 'xpath://h6[@class='oxd-text oxd-text--h6 oxd-topbar-header-breadcrumb-module']' is displayed.</msg>
<arg>xpath://h6[@class='oxd-text oxd-text--h6 oxd-topbar-header-breadcrumb-module']</arg>
<doc>Verifies that the element identified by ``locator`` is visible.</doc>
<status status="PASS" start="2026-02-20T17:27:14.352084" elapsed="0.009537"/>
</kw>
<arg>username=Admin</arg>
<arg>password=admin123</arg>
<status status="PASS" start="2026-02-20T17:27:11.259270" elapsed="3.102351"/>
</kw>
<kw name="Close Browser" owner="SeleniumLibrary" type="TEARDOWN">
<doc>Closes the current browser.</doc>
<status status="PASS" start="2026-02-20T17:27:14.361621" elapsed="2.137665"/>
</kw>
<status status="PASS" start="2026-02-20T17:27:05.607248" elapsed="10.892038"/>
</test>
<status status="PASS" start="2026-02-20T17:26:40.560231" elapsed="35.940068"/>
</suite>
<statistics>
<total>
<stat pass="3" fail="0" skip="0">All Tests</stat>
</total>
<tag>
</tag>
<suite>
<stat name="Excel" id="s1" pass="3" fail="0" skip="0">Excel</stat>
</suite>
</statistics>
<errors>
<msg time="2026-02-20T17:26:53.918014" level="WARN">Multiple tests with name 'Login with user' executed in suite 'Excel'.</msg>
<msg time="2026-02-20T17:27:05.607248" level="WARN">Multiple tests with name 'Login with user' executed in suite 'Excel'.</msg>
</errors>
</robot>
